<?xml version="1.0" encoding="UTF-8"?>
<testng-results ignored="0" total="1" passed="1" failed="0" skipped="0">
  <reporter-output>
  </reporter-output>
  <suite started-at="2024-05-15T11:47:40 IST" name="Default suite" finished-at="2024-05-15T11:47:50 IST" duration-ms="10903">
    <groups>
    </groups>
    <test started-at="2024-05-15T11:47:40 IST" name="Default test" finished-at="2024-05-15T11:47:50 IST" duration-ms="10903">
      <class name="testnghw1.Guruhw">
        <test-method signature="guru99_registerpage()[pri:0, instance:testnghw1.Guruhw@2177849e]" started-at="2024-05-15T11:47:40 IST" name="guru99_registerpage" finished-at="2024-05-15T11:47:50 IST" duration-ms="10866" status="PASS">
          <reporter-output>
          </reporter-output>
        </test-method> <!-- guru99_registerpage -->
      </class> <!-- testnghw1.Guruhw -->
    </test> <!-- Default test -->
  </suite> <!-- Default suite -->
</testng-results>
